<?xml version="1.0" encoding="UTF-8"?>
<!-- Generated by org.testng.reporters.JUnitXMLReporter -->
<testsuite ignored="0" hostname="Lohith" failures="0" tests="1" name="Test1" time="2.804" errors="0" timestamp="2022-06-07T11:22:59 IST">
  <testcase classname="parallel.copy.test4" name="@BeforeMethod openApp" time="2.703">
    <failure type="org.openqa.selenium.SessionNotCreatedException" message="session not created: This version of ChromeDriver only supports Chrome version 100
Current browser version is 102.0.5005.63 with binary path C:\Program Files\Google\Chrome\Application\chrome.exe
Build info: version: &amp;apos;3.141.59&amp;apos;, revision: &amp;apos;e82be7d358&amp;apos;, time: &amp;apos;2018-11-14T08:25:53&amp;apos;
System info: host: &amp;apos;LOHITH&amp;apos;, ip: &amp;apos;172.20.10.3&amp;apos;, os.name: &amp;apos;Windows 10&amp;apos;, os.arch: &amp;apos;amd64&amp;apos;, os.version: &amp;apos;10.0&amp;apos;, java.version: &amp;apos;16.0.2&amp;apos;
Driver info: driver.version: ChromeDriver
remote stacktrace: Backtrace:
	Ordinal0 [0x00B37413+2389011]
	Ordinal0 [0x00AC9F61+1941345]
	Ordinal0 [0x009BC658+837208]
	Ordinal0 [0x009DC773+968563]
	Ordinal0 [0x009D837A+951162]
	Ordinal0 [0x009D5C51+941137]
	Ordinal0 [0x00A08C80+1150080]
	Ordinal0 [0x00A088DA+1149146]
	Ordinal0 [0x00A03F66+1130342]
	Ordinal0 [0x009DE546+976198]
	Ordinal0 [0x009DF456+980054]
	GetHandleVerifier [0x00CE9632+1727522]
	GetHandleVerifier [0x00D9BA4D+2457661]
	GetHandleVerifier [0x00BCEB81+569713]
	GetHandleVerifier [0x00BCDD76+566118]
	Ordinal0 [0x00AD0B2B+1968939]
	Ordinal0 [0x00AD5988+1989000]
	Ordinal0 [0x00AD5A75+1989237]
	Ordinal0 [0x00ADECB1+2026673]
	BaseThreadInitThunk [0x768FFA29+25]
	RtlGetAppContainerNamedObjectPath [0x77CE7A7E+286]
	RtlGetAppContainerNamedObjectPath [0x77CE7A4E+238]
">
      <![CDATA[org.openqa.selenium.SessionNotCreatedException: session not created: This version of ChromeDriver only supports Chrome version 100
Current browser version is 102.0.5005.63 with binary path C:\Program Files\Google\Chrome\Application\chrome.exe
Build info: version: '3.141.59', revision: 'e82be7d358', time: '2018-11-14T08:25:53'
System info: host: 'LOHITH', ip: '172.20.10.3', os.name: 'Windows 10', os.arch: 'amd64', os.version: '10.0', java.version: '16.0.2'
Driver info: driver.version: ChromeDriver
remote stacktrace: Backtrace:
Ordinal0 [0x00B37413+2389011]
Ordinal0 [0x00AC9F61+1941345]
Ordinal0 [0x009BC658+837208]
Ordinal0 [0x009DC773+968563]
Ordinal0 [0x009D837A+951162]
Ordinal0 [0x009D5C51+941137]
Ordinal0 [0x00A08C80+1150080]
Ordinal0 [0x00A088DA+1149146]
Ordinal0 [0x00A03F66+1130342]
Ordinal0 [0x009DE546+976198]
Ordinal0 [0x009DF456+980054]
GetHandleVerifier [0x00CE9632+1727522]
GetHandleVerifier [0x00D9BA4D+2457661]
GetHandleVerifier [0x00BCEB81+569713]
GetHandleVerifier [0x00BCDD76+566118]
Ordinal0 [0x00AD0B2B+1968939]
Ordinal0 [0x00AD5988+1989000]
Ordinal0 [0x00AD5A75+1989237]
Ordinal0 [0x00ADECB1+2026673]
BaseThreadInitThunk [0x768FFA29+25]
RtlGetAppContainerNamedObjectPath [0x77CE7A7E+286]
RtlGetAppContainerNamedObjectPath [0x77CE7A4E+238]

at org.openqa.selenium.remote.W3CHandshakeResponse.lambda$errorHandler$0(W3CHandshakeResponse.java:62)
at org.openqa.selenium.remote.HandshakeResponse.lambda$getResponseFunction$0(HandshakeResponse.java:30)
at org.openqa.selenium.remote.ProtocolHandshake.lambda$createSession$0(ProtocolHandshake.java:126)
at java.base/java.util.stream.ReferencePipeline$3$1.accept(ReferencePipeline.java:197)
at java.base/java.util.Spliterators$ArraySpliterator.tryAdvance(Spliterators.java:958)
at java.base/java.util.stream.ReferencePipeline.forEachWithCancel(ReferencePipeline.java:129)
at java.base/java.util.stream.AbstractPipeline.copyIntoWithCancel(AbstractPipeline.java:502)
at java.base/java.util.stream.AbstractPipeline.copyInto(AbstractPipeline.java:488)
at java.base/java.util.stream.AbstractPipeline.wrapAndCopyInto(AbstractPipeline.java:474)
at java.base/java.util.stream.FindOps$FindOp.evaluateSequential(FindOps.java:150)
at java.base/java.util.stream.AbstractPipeline.evaluate(AbstractPipeline.java:234)
at java.base/java.util.stream.ReferencePipeline.findFirst(ReferencePipeline.java:647)
at org.openqa.selenium.remote.ProtocolHandshake.createSession(ProtocolHandshake.java:128)
at org.openqa.selenium.remote.ProtocolHandshake.createSession(ProtocolHandshake.java:74)
at org.openqa.selenium.remote.HttpCommandExecutor.execute(HttpCommandExecutor.java:136)
at org.openqa.selenium.remote.service.DriverCommandExecutor.execute(DriverCommandExecutor.java:83)
at org.openqa.selenium.remote.RemoteWebDriver.execute(RemoteWebDriver.java:552)
at org.openqa.selenium.remote.RemoteWebDriver.startSession(RemoteWebDriver.java:213)
at org.openqa.selenium.remote.RemoteWebDriver.<init>(RemoteWebDriver.java:131)
at org.openqa.selenium.chrome.ChromeDriver.<init>(ChromeDriver.java:181)
at org.openqa.selenium.chrome.ChromeDriver.<init>(ChromeDriver.java:168)
at org.openqa.selenium.chrome.ChromeDriver.<init>(ChromeDriver.java:123)
at parallel.copy.test4.openApp(test4.java:32)
at java.base/java.util.ArrayList.forEach(ArrayList.java:1511)
... Removed 36 stack frames]]>
    </failure>
  </testcase> <!-- @BeforeMethod openApp -->
  <testcase classname="parallel.copy.test4" name="@AfterMethod closeApp" time="-1.654581179643E9">
    <skipped/>
  </testcase> <!-- @AfterMethod closeApp -->
  <testcase classname="parallel.copy.test4" name="testCase" time="0.0">
    <skipped/>
  </testcase> <!-- testCase -->
</testsuite> <!-- Test1 -->
